2020-12-22 19:31:58,321 INFO p.BasePage [main] HomePage_SearchBarForBiggerScreen_ProvidesSuggestion_C140 - STARTED
2020-12-22 19:31:58,842 INFO p.HomePage [main] Suggestions for search are shown
2020-12-22 19:31:58,858 INFO p.HomePage [main] Expecting to see bold alphabets in 6 lines for Suggestions
2020-12-22 19:31:58,914 INFO p.HomePage [main] Popular Brands for search are shown
2020-12-22 19:31:58,921 INFO p.HomePage [main] Expecting to see bold alphabets in 6 lines for Popular Brands
2020-12-22 19:31:58,962 INFO p.HomePage [main] Top Suggestions for search are shown
2020-12-22 19:32:00,983 INFO p.HomePage [main] Sixth line for Suggestions search exists
2020-12-22 19:32:03,020 INFO p.HomePage [main] Sixth line for Popular Brands search exists
2020-12-22 19:32:15,019 INFO p.BasePage [main] HomePage_SearchBarForSmallerScreen_ProvidesSuggestion_C140 - STARTED
2020-12-22 19:32:16,161 INFO p.HomePage [main] Suggestions for search are shown
2020-12-22 19:32:16,194 INFO p.HomePage [main] Expecting to see bold alphabets in 6 lines for Suggestions
2020-12-22 19:32:16,238 INFO p.HomePage [main] Popular Brands for search are shown
2020-12-22 19:32:16,244 INFO p.HomePage [main] Expecting to see bold alphabets in 6 lines for Popular Brands
2020-12-22 19:32:16,286 INFO p.HomePage [main] Top Suggestions for search are shown
2020-12-22 19:32:18,312 INFO p.HomePage [main] Sixth line for Suggestions search exists
2020-12-22 19:32:20,334 INFO p.HomePage [main] Sixth line for Popular Brands search exists
2020-12-22 21:11:12,357 INFO p.BasePage [main] HomePage_SearchBarForBiggerScreen_ProvidesSuggestion_C140 - STARTED
2020-12-22 21:11:13,026 INFO p.HomePage [main] Suggestions for search are shown
2020-12-22 21:11:13,044 INFO p.HomePage [main] Expecting to see bold alphabets in 6 lines for Suggestions
2020-12-22 21:11:13,094 INFO p.HomePage [main] Popular Brands for search are shown
2020-12-22 21:11:13,103 INFO p.HomePage [main] Expecting to see bold alphabets in 6 lines for Popular Brands
2020-12-22 21:11:13,161 INFO p.HomePage [main] Top Suggestions for search are shown
2020-12-22 21:11:15,188 INFO p.HomePage [main] Sixth line for Suggestions search exists
2020-12-22 21:11:17,213 INFO p.HomePage [main] Sixth line for Popular Brands search exists
2020-12-22 21:11:17,214 INFO p.BasePage [main] HomePage_SearchBarForBiggerScreen_ProvidesSuggestion_C140 - COMPLETED SUCCESSFULLY
2020-12-22 21:11:28,569 INFO p.BasePage [main] HomePage_SearchBarForSmallerScreen_ProvidesSuggestion_C140 - STARTED
2020-12-22 21:11:29,396 INFO p.HomePage [main] Suggestions for search are shown
2020-12-22 21:11:29,428 INFO p.HomePage [main] Expecting to see bold alphabets in 6 lines for Suggestions
2020-12-22 21:11:29,468 INFO p.HomePage [main] Popular Brands for search are shown
2020-12-22 21:11:29,474 INFO p.HomePage [main] Expecting to see bold alphabets in 6 lines for Popular Brands
2020-12-22 21:11:29,512 INFO p.HomePage [main] Top Suggestions for search are shown
2020-12-22 21:11:31,536 INFO p.HomePage [main] Sixth line for Suggestions search exists
2020-12-22 21:11:33,560 INFO p.HomePage [main] Sixth line for Popular Brands search exists
2020-12-22 21:11:33,561 INFO p.BasePage [main] HomePage_SearchBarForSmallerScreen_ProvidesSuggestion_C140 - COMPLETED SUCCESSFULLY
2020-12-22 22:10:51,444 INFO p.BasePage [main] HomePage_SearchBarForBiggerScreen_ProvidesSuggestion_C140 - STARTED
2020-12-22 22:10:51,952 INFO p.HomePage [main] Suggestions for search are shown
2020-12-22 22:10:51,967 INFO p.HomePage [main] Expecting to see bold alphabets in 6 lines for Suggestions
2020-12-22 22:10:52,044 INFO p.HomePage [main] Popular Brands for search are shown
2020-12-22 22:10:52,051 INFO p.HomePage [main] Expecting to see bold alphabets in 6 lines for Popular Brands
2020-12-22 22:10:52,103 INFO p.HomePage [main] Top Suggestions for search are shown
2020-12-22 22:10:54,127 INFO p.HomePage [main] Sixth line for Suggestions search exists
2020-12-22 22:10:56,158 INFO p.HomePage [main] Sixth line for Popular Brands search exists
2020-12-22 22:10:56,158 INFO p.BasePage [main] HomePage_SearchBarForBiggerScreen_ProvidesSuggestion_C140 - COMPLETED SUCCESSFULLY
2020-12-22 22:11:06,381 INFO p.BasePage [main] HomePage_SearchBarForSmallerScreen_ProvidesSuggestion_C140 - STARTED
2020-12-22 22:11:07,565 INFO p.HomePage [main] Suggestions for search are shown
2020-12-22 22:11:07,572 INFO p.HomePage [main] Expecting to see bold alphabets in 6 lines for Suggestions
2020-12-22 22:11:07,620 INFO p.HomePage [main] Popular Brands for search are shown
2020-12-22 22:11:07,626 INFO p.HomePage [main] Expecting to see bold alphabets in 6 lines for Popular Brands
2020-12-22 22:11:07,664 INFO p.HomePage [main] Top Suggestions for search are shown
2020-12-22 22:11:09,690 INFO p.HomePage [main] Sixth line for Suggestions search exists
2020-12-22 22:11:11,712 INFO p.HomePage [main] Sixth line for Popular Brands search exists
2020-12-22 22:11:11,713 INFO p.BasePage [main] HomePage_SearchBarForSmallerScreen_ProvidesSuggestion_C140 - COMPLETED SUCCESSFULLY
2020-12-22 22:17:42,528 INFO p.BasePage [main] HomePage_SearchBarForBiggerScreen_ProvidesSuggestion_C140 - STARTED
2020-12-22 22:17:42,990 INFO p.HomePage [main] Suggestions for search are shown
2020-12-22 22:17:43,005 INFO p.HomePage [main] Expecting to see bold alphabets in 6 lines for Suggestions
2020-12-22 22:17:43,073 INFO p.HomePage [main] Popular Brands for search are shown
2020-12-22 22:17:43,080 INFO p.HomePage [main] Expecting to see bold alphabets in 6 lines for Popular Brands
2020-12-22 22:17:43,120 INFO p.HomePage [main] Top Suggestions for search are shown
2020-12-22 22:17:45,143 INFO p.HomePage [main] Sixth line for Suggestions search exists
2020-12-22 22:17:47,170 INFO p.HomePage [main] Sixth line for Popular Brands search exists
2020-12-22 22:17:47,171 INFO p.BasePage [main] HomePage_SearchBarForBiggerScreen_ProvidesSuggestion_C140 - COMPLETED SUCCESSFULLY
2020-12-22 22:17:58,809 INFO p.BasePage [main] HomePage_SearchBarForSmallerScreen_ProvidesSuggestion_C140 - STARTED
2020-12-22 22:17:59,905 INFO p.HomePage [main] Suggestions for search are shown
2020-12-22 22:17:59,934 INFO p.HomePage [main] Expecting to see bold alphabets in 6 lines for Suggestions
2020-12-22 22:17:59,982 INFO p.HomePage [main] Popular Brands for search are shown
2020-12-22 22:17:59,988 INFO p.HomePage [main] Expecting to see bold alphabets in 6 lines for Popular Brands
2020-12-22 22:18:00,027 INFO p.HomePage [main] Top Suggestions for search are shown
2020-12-22 22:18:02,052 INFO p.HomePage [main] Sixth line for Suggestions search exists
2020-12-22 22:18:04,074 INFO p.HomePage [main] Sixth line for Popular Brands search exists
2020-12-22 22:18:04,075 INFO p.BasePage [main] HomePage_SearchBarForSmallerScreen_ProvidesSuggestion_C140 - COMPLETED SUCCESSFULLY
2020-12-22 22:20:15,865 INFO p.BasePage [main] HomePage_SearchBarForBiggerScreen_ProvidesSuggestion_C140 - STARTED
2020-12-22 22:20:16,346 INFO p.HomePage [main] Suggestions for search are shown
2020-12-22 22:20:16,358 INFO p.HomePage [main] Expecting to see bold alphabets in 6 lines for Suggestions
2020-12-22 22:20:16,405 INFO p.HomePage [main] Popular Brands for search are shown
2020-12-22 22:20:16,421 INFO p.HomePage [main] Expecting to see bold alphabets in 6 lines for Popular Brands
2020-12-22 22:20:16,465 INFO p.HomePage [main] Top Suggestions for search are shown
2020-12-22 22:20:18,487 INFO p.HomePage [main] Sixth line for Suggestions search exists
2020-12-22 22:20:20,513 INFO p.HomePage [main] Sixth line for Popular Brands search exists
2020-12-22 22:20:20,514 INFO p.BasePage [main] HomePage_SearchBarForBiggerScreen_ProvidesSuggestion_C140 - COMPLETED SUCCESSFULLY
2020-12-22 22:20:31,105 INFO p.BasePage [main] HomePage_SearchBarForSmallerScreen_ProvidesSuggestion_C140 - STARTED
2020-12-22 22:20:32,272 INFO p.HomePage [main] Suggestions for search are shown
2020-12-22 22:20:32,300 INFO p.HomePage [main] Expecting to see bold alphabets in 6 lines for Suggestions
2020-12-22 22:20:32,349 INFO p.HomePage [main] Popular Brands for search are shown
2020-12-22 22:20:32,355 INFO p.HomePage [main] Expecting to see bold alphabets in 6 lines for Popular Brands
2020-12-22 22:20:32,395 INFO p.HomePage [main] Top Suggestions for search are shown
2020-12-22 22:20:34,422 INFO p.HomePage [main] Sixth line for Suggestions search exists
2020-12-22 22:20:36,445 INFO p.HomePage [main] Sixth line for Popular Brands search exists
2020-12-22 22:20:36,446 INFO p.BasePage [main] HomePage_SearchBarForSmallerScreen_ProvidesSuggestion_C140 - COMPLETED SUCCESSFULLY
2020-12-22 22:21:43,223 INFO p.BasePage [main] HomePage_SearchBarForBiggerScreen_ProvidesSuggestion_C140 - STARTED
2020-12-22 22:21:45,715 INFO p.HomePage [main] Suggestions for search are shown
2020-12-22 22:21:45,744 INFO p.HomePage [main] Expecting to see bold alphabets in 6 lines for Suggestions
2020-12-22 22:21:45,813 INFO p.HomePage [main] Popular Brands for search are shown
2020-12-22 22:21:45,827 INFO p.HomePage [main] Expecting to see bold alphabets in 6 lines for Popular Brands
2020-12-22 22:21:45,873 INFO p.HomePage [main] Top Suggestions for search are shown
2020-12-22 22:21:47,908 INFO p.HomePage [main] Sixth line for Suggestions search exists
2020-12-22 22:21:49,935 INFO p.HomePage [main] Sixth line for Popular Brands search exists
2020-12-22 22:21:49,935 INFO p.BasePage [main] HomePage_SearchBarForBiggerScreen_ProvidesSuggestion_C140 - COMPLETED SUCCESSFULLY
2020-12-22 22:21:58,800 INFO p.BasePage [main] HomePage_SearchBarForSmallerScreen_ProvidesSuggestion_C140 - STARTED
2020-12-22 22:22:01,054 WARN p.BasePage [main] HomePage_SearchBarForSmallerScreen_ProvidesSuggestion_C140 - SKIPPED
2020-12-22 22:22:13,481 INFO p.BasePage [main] HomePage_SearchBarForSmallerScreen_ProvidesSuggestion_C140 - STARTED
2020-12-22 22:22:15,780 WARN p.BasePage [main] HomePage_SearchBarForSmallerScreen_ProvidesSuggestion_C140 - SKIPPED
2020-12-22 22:22:24,565 INFO p.BasePage [main] HomePage_SearchBarForSmallerScreen_ProvidesSuggestion_C140 - STARTED
2020-12-22 22:22:27,123 INFO p.HomePage [main] Suggestions for search are shown
2020-12-22 22:22:27,138 INFO p.HomePage [main] Expecting to see bold alphabets in 6 lines for Suggestions
2020-12-22 22:22:27,190 INFO p.HomePage [main] Popular Brands for search are shown
2020-12-22 22:22:27,206 INFO p.HomePage [main] Expecting to see bold alphabets in 6 lines for Popular Brands
2020-12-22 22:22:27,268 INFO p.HomePage [main] Top Suggestions for search are shown
2020-12-22 22:22:29,297 INFO p.HomePage [main] Sixth line for Suggestions search exists
2020-12-22 22:22:31,322 INFO p.HomePage [main] Sixth line for Popular Brands search exists
2020-12-22 22:22:31,322 INFO p.BasePage [main] HomePage_SearchBarForSmallerScreen_ProvidesSuggestion_C140 - COMPLETED SUCCESSFULLY
2020-12-22 22:47:26,957 INFO p.BasePage [main] HomePage_SearchBarForBiggerScreen_ProvidesSuggestion_C140 - STARTED
2020-12-22 22:47:27,481 INFO p.HomePage [main] Suggestions for search are shown
2020-12-22 22:47:27,495 INFO p.HomePage [main] Expecting to see bold alphabets in 6 lines for Suggestions
2020-12-22 22:47:27,555 INFO p.HomePage [main] Popular Brands for search are shown
2020-12-22 22:47:27,565 INFO p.HomePage [main] Expecting to see bold alphabets in 6 lines for Popular Brands
2020-12-22 22:47:27,611 INFO p.HomePage [main] Top Suggestions for search are shown
2020-12-22 22:47:29,632 INFO p.HomePage [main] Sixth line for Suggestions search exists
2020-12-22 22:47:31,658 INFO p.HomePage [main] Sixth line for Popular Brands search exists
2020-12-22 22:47:31,658 INFO p.BasePage [main] HomePage_SearchBarForBiggerScreen_ProvidesSuggestion_C140 - COMPLETED SUCCESSFULLY
2020-12-22 22:47:44,906 INFO p.BasePage [main] HomePage_SearchBarForSmallerScreen_ProvidesSuggestion_C140 - STARTED
2020-12-22 22:47:46,110 INFO p.HomePage [main] Suggestions for search are shown
2020-12-22 22:47:46,120 INFO p.HomePage [main] Expecting to see bold alphabets in 6 lines for Suggestions
2020-12-22 22:47:46,168 INFO p.HomePage [main] Popular Brands for search are shown
2020-12-22 22:47:46,175 INFO p.HomePage [main] Expecting to see bold alphabets in 6 lines for Popular Brands
2020-12-22 22:47:46,216 INFO p.HomePage [main] Top Suggestions for search are shown
2020-12-22 22:47:48,240 INFO p.HomePage [main] Sixth line for Suggestions search exists
2020-12-22 22:47:50,261 INFO p.HomePage [main] Sixth line for Popular Brands search exists
2020-12-22 22:47:50,261 INFO p.BasePage [main] HomePage_SearchBarForSmallerScreen_ProvidesSuggestion_C140 - COMPLETED SUCCESSFULLY
2020-12-23 10:23:51,485 INFO p.BasePage [main] HomePage_SearchBarForBiggerScreen_ProvidesSuggestion_C140 - STARTED
2020-12-23 10:23:51,924 INFO p.HomePage [main] Suggestions for search are shown
2020-12-23 10:23:51,952 INFO p.HomePage [main] Expecting to see bold alphabets in 6 lines for Suggestions
2020-12-23 10:23:52,005 INFO p.HomePage [main] Popular Brands for search are shown
2020-12-23 10:23:52,014 INFO p.HomePage [main] Expecting to see bold alphabets in 6 lines for Popular Brands
2020-12-23 10:23:52,058 INFO p.HomePage [main] Top Suggestions for search are shown
2020-12-23 10:23:54,084 INFO p.HomePage [main] Sixth line for Suggestions search exists
2020-12-23 10:23:56,108 INFO p.HomePage [main] Sixth line for Popular Brands search exists
2020-12-23 10:23:56,108 INFO p.BasePage [main] HomePage_SearchBarForBiggerScreen_ProvidesSuggestion_C140 - COMPLETED SUCCESSFULLY
2020-12-23 10:24:07,022 INFO p.BasePage [main] HomePage_SearchBarForSmallerScreen_ProvidesSuggestion_C140 - STARTED
2020-12-23 10:24:08,254 INFO p.HomePage [main] Suggestions for search are shown
2020-12-23 10:24:08,267 INFO p.HomePage [main] Expecting to see bold alphabets in 6 lines for Suggestions
2020-12-23 10:24:08,316 INFO p.HomePage [main] Popular Brands for search are shown
2020-12-23 10:24:08,322 INFO p.HomePage [main] Expecting to see bold alphabets in 6 lines for Popular Brands
2020-12-23 10:24:08,363 INFO p.HomePage [main] Top Suggestions for search are shown
2020-12-23 10:24:10,389 INFO p.HomePage [main] Sixth line for Suggestions search exists
2020-12-23 10:24:12,411 INFO p.HomePage [main] Sixth line for Popular Brands search exists
2020-12-23 10:24:12,411 INFO p.BasePage [main] HomePage_SearchBarForSmallerScreen_ProvidesSuggestion_C140 - COMPLETED SUCCESSFULLY
2020-12-23 10:24:35,473 WARN p.BasePage [main] HomePage_SearchBarForBiggerScreen_ProvidesSuggestion_C140 - SKIPPED
2020-12-23 10:24:35,477 WARN p.BasePage [main] HomePage_SearchBarForSmallerScreen_ProvidesSuggestion_C140 - SKIPPED
2020-12-23 12:19:26,513 INFO p.HomePage [main] Suggestions for search are shown
2020-12-23 12:19:26,533 INFO p.HomePage [main] Expecting to see bold alphabets in 6 lines for Suggestions
2020-12-23 12:19:26,583 INFO p.HomePage [main] Popular Brands for search are shown
2020-12-23 12:19:26,595 INFO p.HomePage [main] Expecting to see bold alphabets in 6 lines for Popular Brands
2020-12-23 12:19:26,641 INFO p.HomePage [main] Top Suggestions for search are shown
2020-12-23 12:19:28,667 INFO p.HomePage [main] Sixth line for Suggestions search exists
2020-12-23 12:19:30,691 INFO p.HomePage [main] Sixth line for Popular Brands search exists
2020-12-23 13:32:10,612 INFO p.BasePage [main] HomePage_SearchBarForBiggerScreen_ProvidesSuggestion_C140 - STARTED
2020-12-23 13:32:11,132 INFO p.HomePage [main] Suggestions for search are shown
2020-12-23 13:32:11,144 INFO p.HomePage [main] Expecting to see bold alphabets in 6 lines for Suggestions
2020-12-23 13:32:11,199 INFO p.HomePage [main] Popular Brands for search are shown
2020-12-23 13:32:11,206 INFO p.HomePage [main] Expecting to see bold alphabets in 6 lines for Popular Brands
2020-12-23 13:32:11,254 INFO p.HomePage [main] Top Suggestions for search are shown
2020-12-23 13:32:13,273 INFO p.HomePage [main] Sixth line for Suggestions search exists
2020-12-23 13:32:15,301 INFO p.HomePage [main] Sixth line for Popular Brands search exists
2020-12-23 13:32:15,302 INFO p.BasePage [main] HomePage_SearchBarForBiggerScreen_ProvidesSuggestion_C140 - COMPLETED SUCCESSFULLY
2020-12-23 13:32:27,714 INFO p.BasePage [main] HomePage_SearchBarForSmallerScreen_ProvidesSuggestion_C140 - STARTED
2020-12-23 13:32:28,933 INFO p.HomePage [main] Suggestions for search are shown
2020-12-23 13:32:28,940 INFO p.HomePage [main] Expecting to see bold alphabets in 6 lines for Suggestions
2020-12-23 13:32:28,985 INFO p.HomePage [main] Popular Brands for search are shown
2020-12-23 13:32:28,993 INFO p.HomePage [main] Expecting to see bold alphabets in 6 lines for Popular Brands
2020-12-23 13:32:29,033 INFO p.HomePage [main] Top Suggestions for search are shown
2020-12-23 13:32:31,055 INFO p.HomePage [main] Sixth line for Suggestions search exists
2020-12-23 13:32:33,075 INFO p.HomePage [main] Sixth line for Popular Brands search exists
2020-12-23 13:32:33,075 INFO p.BasePage [main] HomePage_SearchBarForSmallerScreen_ProvidesSuggestion_C140 - COMPLETED SUCCESSFULLY
2020-12-23 16:20:32,643 INFO p.HomePage [main] Expecting that letters at the end of URL is the same as letters at search bar
2020-12-23 16:20:32,664 INFO p.HomePage [main] Letters at breadcrumbs is the same as letters at search bar
2020-12-23 16:20:32,680 INFO p.HomePage [main] Letters at breadcrumbs is the same as letters at search bar
2020-12-23 16:25:09,828 INFO p.HomePage [main] Suggestions for search are shown
2020-12-23 16:25:09,853 INFO p.HomePage [main] Expecting to see bold alphabets in 6 lines for Suggestions
2020-12-23 16:25:09,901 INFO p.HomePage [main] Popular Brands for search are shown
2020-12-23 16:25:09,914 INFO p.HomePage [main] Expecting to see bold alphabets in 6 lines for Popular Brands
2020-12-23 16:25:09,958 INFO p.HomePage [main] Top Suggestions for search are shown
2020-12-23 16:25:11,987 INFO p.HomePage [main] Sixth line for Suggestions search exists
2020-12-23 16:25:14,014 INFO p.HomePage [main] Sixth line for Popular Brands search exists
2020-12-23 18:47:47,565 INFO p.BasePage [main] HomePage_SearchBarForBiggerScreen_ProvidesSuggestion_C140 - STARTED
2020-12-23 18:47:50,066 INFO p.HomePage [main] Suggestions for search are shown
2020-12-23 18:47:50,083 INFO p.HomePage [main] Expecting to see bold alphabets in 6 lines for Suggestions
2020-12-23 18:47:50,130 INFO p.HomePage [main] Popular Brands for search are shown
2020-12-23 18:47:50,143 INFO p.HomePage [main] Expecting to see bold alphabets in 6 lines for Popular Brands
2020-12-23 18:47:50,193 INFO p.HomePage [main] Top Suggestions for search are shown
2020-12-23 18:47:52,218 INFO p.HomePage [main] Sixth line for Suggestions search exists
2020-12-23 18:47:54,255 INFO p.HomePage [main] Sixth line for Popular Brands search exists
2020-12-23 18:47:54,256 INFO p.BasePage [main] HomePage_SearchBarForBiggerScreen_ProvidesSuggestion_C140 - COMPLETED SUCCESSFULLY
2020-12-23 18:48:02,999 INFO p.BasePage [main] HomePage_SearchBarForSmallerScreen_ProvidesSuggestion_C140 - STARTED
2020-12-23 18:48:05,584 INFO p.HomePage [main] Suggestions for search are shown
2020-12-23 18:48:05,597 INFO p.HomePage [main] Expecting to see bold alphabets in 6 lines for Suggestions
2020-12-23 18:48:05,644 INFO p.HomePage [main] Popular Brands for search are shown
2020-12-23 18:48:05,655 INFO p.HomePage [main] Expecting to see bold alphabets in 6 lines for Popular Brands
2020-12-23 18:48:05,692 INFO p.HomePage [main] Top Suggestions for search are shown
2020-12-23 18:48:07,716 INFO p.HomePage [main] Sixth line for Suggestions search exists
2020-12-23 18:48:09,742 INFO p.HomePage [main] Sixth line for Popular Brands search exists
2020-12-23 18:48:09,742 INFO p.BasePage [main] HomePage_SearchBarForSmallerScreen_ProvidesSuggestion_C140 - COMPLETED SUCCESSFULLY
2020-12-23 19:04:21,127 INFO p.BasePage [main] HomePage_SearchBarForBiggerScreen_ProvidesSuggestion_C140 - STARTED
2020-12-23 19:04:23,484 ERROR p.HomePage [main] Suggestions for search are not shown
2020-12-23 19:04:23,487 WARN p.BasePage [main] HomePage_SearchBarForBiggerScreen_ProvidesSuggestion_C140 - SKIPPED
2020-12-23 19:04:34,044 INFO p.BasePage [main] HomePage_SearchBarForBiggerScreen_ProvidesSuggestion_C140 - STARTED
2020-12-23 19:04:36,377 ERROR p.HomePage [main] Suggestions for search are not shown
2020-12-23 19:04:36,377 WARN p.BasePage [main] HomePage_SearchBarForBiggerScreen_ProvidesSuggestion_C140 - SKIPPED
2020-12-23 19:04:44,955 INFO p.BasePage [main] HomePage_SearchBarForBiggerScreen_ProvidesSuggestion_C140 - STARTED
2020-12-23 19:04:47,312 ERROR p.HomePage [main] Suggestions for search are not shown
2020-12-23 19:04:47,313 WARN p.BasePage [main] HomePage_SearchBarForBiggerScreen_ProvidesSuggestion_C140 - SKIPPED
2020-12-23 19:04:59,107 INFO p.BasePage [main] HomePage_SearchBarForBiggerScreen_ProvidesSuggestion_C140 - STARTED
2020-12-23 19:05:01,419 ERROR p.HomePage [main] Suggestions for search are not shown
2020-12-23 19:05:01,419 FATAL p.BasePage [main] HomePage_SearchBarForBiggerScreen_ProvidesSuggestion_C140 - FAILED
2020-12-23 19:05:10,426 INFO p.BasePage [main] HomePage_SearchBarForSmallerScreen_ProvidesSuggestion_C140 - STARTED
2020-12-23 19:05:12,669 WARN p.BasePage [main] HomePage_SearchBarForSmallerScreen_ProvidesSuggestion_C140 - SKIPPED
2020-12-23 19:05:21,529 INFO p.BasePage [main] HomePage_SearchBarForSmallerScreen_ProvidesSuggestion_C140 - STARTED
2020-12-23 19:05:23,929 ERROR p.HomePage [main] Suggestions for search are not shown
2020-12-23 19:05:23,929 WARN p.BasePage [main] HomePage_SearchBarForSmallerScreen_ProvidesSuggestion_C140 - SKIPPED
2020-12-23 19:05:33,809 INFO p.BasePage [main] HomePage_SearchBarForSmallerScreen_ProvidesSuggestion_C140 - STARTED
2020-12-23 19:05:36,074 WARN p.BasePage [main] HomePage_SearchBarForSmallerScreen_ProvidesSuggestion_C140 - SKIPPED
2020-12-23 19:05:45,446 INFO p.BasePage [main] HomePage_SearchBarForSmallerScreen_ProvidesSuggestion_C140 - STARTED
2020-12-23 19:05:47,846 ERROR p.HomePage [main] Suggestions for search are not shown
2020-12-23 19:05:47,846 FATAL p.BasePage [main] HomePage_SearchBarForSmallerScreen_ProvidesSuggestion_C140 - FAILED
2020-12-23 19:07:18,469 INFO p.BasePage [main] HomePage_SearchBarForBiggerScreen_ProvidesSuggestion_C140 - STARTED
2020-12-23 19:07:20,956 INFO p.HomePage [main] Suggestions for search are shown
2020-12-23 19:07:20,972 INFO p.HomePage [main] Expecting to see bold alphabets in 6 lines for Suggestions
2020-12-23 19:07:21,016 INFO p.HomePage [main] Popular Brands for search are shown
2020-12-23 19:07:21,029 INFO p.HomePage [main] Expecting to see bold alphabets in 6 lines for Popular Brands
2020-12-23 19:07:21,069 INFO p.HomePage [main] Top Suggestions for search are shown
2020-12-23 19:07:23,096 INFO p.HomePage [main] Sixth line for Suggestions search exists
2020-12-23 19:07:25,134 INFO p.HomePage [main] Sixth line for Popular Brands search exists
2020-12-23 19:07:25,135 INFO p.BasePage [main] HomePage_SearchBarForBiggerScreen_ProvidesSuggestion_C140 - COMPLETED SUCCESSFULLY
2020-12-23 19:07:36,318 INFO p.BasePage [main] HomePage_SearchBarForSmallerScreen_ProvidesSuggestion_C140 - STARTED
2020-12-23 19:07:38,952 INFO p.HomePage [main] Suggestions for search are shown
2020-12-23 19:07:38,967 INFO p.HomePage [main] Expecting to see bold alphabets in 6 lines for Suggestions
2020-12-23 19:07:39,017 INFO p.HomePage [main] Popular Brands for search are shown
2020-12-23 19:07:39,030 INFO p.HomePage [main] Expecting to see bold alphabets in 6 lines for Popular Brands
2020-12-23 19:07:39,083 INFO p.HomePage [main] Top Suggestions for search are shown
2020-12-23 19:07:41,106 INFO p.HomePage [main] Sixth line for Suggestions search exists
2020-12-23 19:07:43,133 INFO p.HomePage [main] Sixth line for Popular Brands search exists
2020-12-23 19:07:43,134 INFO p.BasePage [main] HomePage_SearchBarForSmallerScreen_ProvidesSuggestion_C140 - COMPLETED SUCCESSFULLY
2020-12-23 19:10:36,298 INFO p.BasePage [main] HomePage_SearchBarForBiggerScreen_ProvidesSuggestion_C140 - STARTED
2020-12-23 19:10:36,799 INFO p.HomePage [main] Suggestions for search are shown
2020-12-23 19:10:36,837 INFO p.HomePage [main] Expecting to see bold alphabets in 6 lines for Suggestions
2020-12-23 19:10:36,890 INFO p.HomePage [main] Popular Brands for search are shown
2020-12-23 19:10:36,896 INFO p.HomePage [main] Expecting to see bold alphabets in 6 lines for Popular Brands
2020-12-23 19:10:36,939 INFO p.HomePage [main] Top Suggestions for search are shown
2020-12-23 19:10:38,960 INFO p.HomePage [main] Sixth line for Suggestions search exists
2020-12-23 19:10:40,989 INFO p.HomePage [main] Sixth line for Popular Brands search exists
2020-12-23 19:10:40,991 INFO p.BasePage [main] HomePage_SearchBarForBiggerScreen_ProvidesSuggestion_C140 - COMPLETED SUCCESSFULLY
2020-12-23 19:10:51,257 INFO p.BasePage [main] HomePage_SearchBarForSmallerScreen_ProvidesSuggestion_C140 - STARTED
2020-12-23 19:10:52,497 INFO p.HomePage [main] Suggestions for search are shown
2020-12-23 19:10:52,504 INFO p.HomePage [main] Expecting to see bold alphabets in 6 lines for Suggestions
2020-12-23 19:10:52,545 INFO p.HomePage [main] Popular Brands for search are shown
2020-12-23 19:10:52,550 INFO p.HomePage [main] Expecting to see bold alphabets in 6 lines for Popular Brands
2020-12-23 19:10:52,589 INFO p.HomePage [main] Top Suggestions for search are shown
2020-12-23 19:10:54,614 INFO p.HomePage [main] Sixth line for Suggestions search exists
2020-12-23 19:10:56,636 INFO p.HomePage [main] Sixth line for Popular Brands search exists
2020-12-23 19:10:56,636 INFO p.BasePage [main] HomePage_SearchBarForSmallerScreen_ProvidesSuggestion_C140 - COMPLETED SUCCESSFULLY
2020-12-23 19:12:28,278 INFO p.BasePage [main] HomePage_SearchBarForBiggerScreen_ProvidesSuggestion_C140 - STARTED
2020-12-23 19:12:28,849 INFO p.HomePage [main] Suggestions for search are shown
2020-12-23 19:12:28,860 INFO p.HomePage [main] Expecting to see bold alphabets in 6 lines for Suggestions
2020-12-23 19:12:28,914 INFO p.HomePage [main] Popular Brands for search are shown
2020-12-23 19:12:28,920 INFO p.HomePage [main] Expecting to see bold alphabets in 6 lines for Popular Brands
2020-12-23 19:12:28,957 INFO p.HomePage [main] Top Suggestions for search are shown
2020-12-23 19:12:30,982 INFO p.HomePage [main] Sixth line for Suggestions search exists
2020-12-23 19:12:33,004 INFO p.HomePage [main] Sixth line for Popular Brands search exists
2020-12-23 19:12:33,006 INFO p.BasePage [main] HomePage_SearchBarForBiggerScreen_ProvidesSuggestion_C140 - COMPLETED SUCCESSFULLY
2020-12-23 19:12:43,154 INFO p.BasePage [main] HomePage_SearchBarForSmallerScreen_ProvidesSuggestion_C140 - STARTED
2020-12-23 19:12:44,299 INFO p.HomePage [main] Suggestions for search are shown
2020-12-23 19:12:44,305 INFO p.HomePage [main] Expecting to see bold alphabets in 6 lines for Suggestions
2020-12-23 19:12:44,354 INFO p.HomePage [main] Popular Brands for search are shown
2020-12-23 19:12:44,361 INFO p.HomePage [main] Expecting to see bold alphabets in 6 lines for Popular Brands
2020-12-23 19:12:44,406 INFO p.HomePage [main] Top Suggestions for search are shown
2020-12-23 19:12:46,433 INFO p.HomePage [main] Sixth line for Suggestions search exists
2020-12-23 19:12:48,457 INFO p.HomePage [main] Sixth line for Popular Brands search exists
2020-12-23 19:12:48,458 INFO p.BasePage [main] HomePage_SearchBarForSmallerScreen_ProvidesSuggestion_C140 - COMPLETED SUCCESSFULLY
2020-12-23 19:14:24,956 INFO p.BasePage [main] HomePage_SearchBarForBiggerScreen_ProvidesSuggestion_C140 - STARTED
2020-12-23 19:14:25,430 INFO p.HomePage [main] Suggestions for search are shown
2020-12-23 19:14:25,446 INFO p.HomePage [main] Expecting to see bold alphabets in 6 lines for Suggestions
2020-12-23 19:14:25,501 INFO p.HomePage [main] Popular Brands for search are shown
2020-12-23 19:14:25,510 INFO p.HomePage [main] Expecting to see bold alphabets in 6 lines for Popular Brands
2020-12-23 19:14:25,553 INFO p.HomePage [main] Top Suggestions for search are shown
2020-12-23 19:14:27,573 INFO p.HomePage [main] Sixth line for Suggestions search exists
2020-12-23 19:14:29,599 INFO p.HomePage [main] Sixth line for Popular Brands search exists
2020-12-23 19:14:29,601 INFO p.BasePage [main] HomePage_SearchBarForBiggerScreen_ProvidesSuggestion_C140 - COMPLETED SUCCESSFULLY
2020-12-23 19:14:40,562 INFO p.BasePage [main] HomePage_SearchBarForSmallerScreen_ProvidesSuggestion_C140 - STARTED
2020-12-23 19:14:41,591 INFO p.HomePage [main] Suggestions for search are shown
2020-12-23 19:14:41,598 INFO p.HomePage [main] Expecting to see bold alphabets in 6 lines for Suggestions
2020-12-23 19:14:41,647 INFO p.HomePage [main] Popular Brands for search are shown
2020-12-23 19:14:41,653 INFO p.HomePage [main] Expecting to see bold alphabets in 6 lines for Popular Brands
2020-12-23 19:14:41,695 INFO p.HomePage [main] Top Suggestions for search are shown
2020-12-23 19:14:43,720 INFO p.HomePage [main] Sixth line for Suggestions search exists
2020-12-23 19:14:45,741 INFO p.HomePage [main] Sixth line for Popular Brands search exists
2020-12-23 19:14:45,741 INFO p.BasePage [main] HomePage_SearchBarForSmallerScreen_ProvidesSuggestion_C140 - COMPLETED SUCCESSFULLY
2020-12-23 19:17:29,702 INFO p.BasePage [main] HomePage_SearchBarForBiggerScreen_ProvidesSuggestion_C140 - STARTED
2020-12-23 19:17:32,193 INFO p.HomePage [main] Suggestions for search are shown
2020-12-23 19:17:32,210 INFO p.HomePage [main] Expecting to see bold alphabets in 6 lines for Suggestions
2020-12-23 19:17:32,254 INFO p.HomePage [main] Popular Brands for search are shown
2020-12-23 19:17:32,267 INFO p.HomePage [main] Expecting to see bold alphabets in 6 lines for Popular Brands
2020-12-23 19:17:32,308 INFO p.HomePage [main] Top Suggestions for search are shown
2020-12-23 19:17:34,332 INFO p.HomePage [main] Sixth line for Suggestions search exists
2020-12-23 19:17:36,370 INFO p.HomePage [main] Sixth line for Popular Brands search exists
2020-12-23 19:17:36,371 INFO p.BasePage [main] HomePage_SearchBarForBiggerScreen_ProvidesSuggestion_C140 - COMPLETED SUCCESSFULLY
2020-12-23 19:17:45,740 INFO p.BasePage [main] HomePage_SearchBarForSmallerScreen_ProvidesSuggestion_C140 - STARTED
2020-12-23 19:17:48,001 WARN p.BasePage [main] HomePage_SearchBarForSmallerScreen_ProvidesSuggestion_C140 - SKIPPED
2020-12-23 19:17:57,441 INFO p.BasePage [main] HomePage_SearchBarForSmallerScreen_ProvidesSuggestion_C140 - STARTED
2020-12-23 19:17:59,713 WARN p.BasePage [main] HomePage_SearchBarForSmallerScreen_ProvidesSuggestion_C140 - SKIPPED
2020-12-23 19:18:08,741 INFO p.BasePage [main] HomePage_SearchBarForSmallerScreen_ProvidesSuggestion_C140 - STARTED
2020-12-23 19:18:11,024 WARN p.BasePage [main] HomePage_SearchBarForSmallerScreen_ProvidesSuggestion_C140 - SKIPPED
2020-12-23 19:18:20,432 INFO p.BasePage [main] HomePage_SearchBarForSmallerScreen_ProvidesSuggestion_C140 - STARTED
2020-12-23 19:18:22,982 INFO p.HomePage [main] Suggestions for search are shown
2020-12-23 19:18:22,994 INFO p.HomePage [main] Expecting to see bold alphabets in 6 lines for Suggestions
2020-12-23 19:18:23,039 INFO p.HomePage [main] Popular Brands for search are shown
2020-12-23 19:18:23,051 INFO p.HomePage [main] Expecting to see bold alphabets in 6 lines for Popular Brands
2020-12-23 19:18:23,091 INFO p.HomePage [main] Top Suggestions for search are shown
2020-12-23 19:18:25,114 INFO p.HomePage [main] Sixth line for Suggestions search exists
2020-12-23 19:18:27,140 INFO p.HomePage [main] Sixth line for Popular Brands search exists
2020-12-23 19:18:27,140 INFO p.BasePage [main] HomePage_SearchBarForSmallerScreen_ProvidesSuggestion_C140 - COMPLETED SUCCESSFULLY
2020-12-24 17:06:59,841 INFO p.BasePage [main] HomePage_SearchBarForBiggerScreen_ProvidesSuggestion_C140 - STARTED
2020-12-24 17:07:02,184 ERROR p.HomePage [main] Suggestions for search are not shown
2020-12-24 17:07:02,187 WARN p.BasePage [main] HomePage_SearchBarForBiggerScreen_ProvidesSuggestion_C140 - SKIPPED
2020-12-24 17:07:10,849 INFO p.BasePage [main] HomePage_SearchBarForBiggerScreen_ProvidesSuggestion_C140 - STARTED
2020-12-24 17:07:13,400 INFO p.HomePage [main] Suggestions for search are shown
2020-12-24 17:07:13,415 INFO p.HomePage [main] Expecting to see bold alphabets in 6 lines for Suggestions
2020-12-24 17:07:13,416 WARN p.BasePage [main] HomePage_SearchBarForBiggerScreen_ProvidesSuggestion_C140 - SKIPPED
2020-12-24 17:07:22,119 INFO p.BasePage [main] HomePage_SearchBarForBiggerScreen_ProvidesSuggestion_C140 - STARTED
2020-12-24 17:07:24,610 INFO p.HomePage [main] Suggestions for search are shown
2020-12-24 17:07:24,625 INFO p.HomePage [main] Expecting to see bold alphabets in 6 lines for Suggestions
2020-12-24 17:07:24,672 INFO p.HomePage [main] Popular Brands for search are shown
2020-12-24 17:07:24,684 INFO p.HomePage [main] Expecting to see bold alphabets in 6 lines for Popular Brands
2020-12-24 17:07:24,729 INFO p.HomePage [main] Top Suggestions for search are shown
2020-12-24 17:07:26,755 INFO p.HomePage [main] Sixth line for Suggestions search exists
2020-12-24 17:07:28,791 INFO p.HomePage [main] Sixth line for Popular Brands search exists
2020-12-24 17:07:28,792 INFO p.BasePage [main] HomePage_SearchBarForBiggerScreen_ProvidesSuggestion_C140 - COMPLETED SUCCESSFULLY
2020-12-24 17:07:37,539 INFO p.BasePage [main] HomePage_SearchBarForSmallerScreen_ProvidesSuggestion_C140 - STARTED
2020-12-24 17:07:39,801 WARN p.BasePage [main] HomePage_SearchBarForSmallerScreen_ProvidesSuggestion_C140 - SKIPPED
2020-12-24 17:07:48,472 INFO p.BasePage [main] HomePage_SearchBarForSmallerScreen_ProvidesSuggestion_C140 - STARTED
2020-12-24 17:07:50,870 ERROR p.HomePage [main] Suggestions for search are not shown
2020-12-24 17:07:50,871 WARN p.BasePage [main] HomePage_SearchBarForSmallerScreen_ProvidesSuggestion_C140 - SKIPPED
2020-12-24 17:08:00,568 INFO p.BasePage [main] HomePage_SearchBarForSmallerScreen_ProvidesSuggestion_C140 - STARTED
2020-12-24 17:08:03,099 INFO p.HomePage [main] Suggestions for search are shown
2020-12-24 17:08:03,113 INFO p.HomePage [main] Expecting to see bold alphabets in 6 lines for Suggestions
2020-12-24 17:08:03,171 INFO p.HomePage [main] Popular Brands for search are shown
2020-12-24 17:08:03,183 INFO p.HomePage [main] Expecting to see bold alphabets in 6 lines for Popular Brands
2020-12-24 17:08:03,230 INFO p.HomePage [main] Top Suggestions for search are shown
2020-12-24 17:08:05,255 INFO p.HomePage [main] Sixth line for Suggestions search exists
2020-12-24 17:08:07,279 INFO p.HomePage [main] Sixth line for Popular Brands search exists
2020-12-24 17:08:07,280 INFO p.BasePage [main] HomePage_SearchBarForSmallerScreen_ProvidesSuggestion_C140 - COMPLETED SUCCESSFULLY
2020-12-24 17:08:28,702 INFO p.BasePage [main] HomePage_SearchBarForBiggerScreen_ProvidesSuggestion_C140 - STARTED
2020-12-24 17:08:29,378 INFO p.HomePage [main] Suggestions for search are shown
2020-12-24 17:08:29,396 INFO p.HomePage [main] Expecting to see bold alphabets in 6 lines for Suggestions
2020-12-24 17:08:29,468 INFO p.HomePage [main] Popular Brands for search are shown
2020-12-24 17:08:29,476 INFO p.HomePage [main] Expecting to see bold alphabets in 6 lines for Popular Brands
2020-12-24 17:08:29,664 INFO p.HomePage [main] Top Suggestions for search are shown
2020-12-24 17:08:31,695 INFO p.HomePage [main] Sixth line for Suggestions search exists
2020-12-24 17:08:33,718 INFO p.HomePage [main] Sixth line for Popular Brands search exists
2020-12-24 17:08:33,720 INFO p.BasePage [main] HomePage_SearchBarForBiggerScreen_ProvidesSuggestion_C140 - COMPLETED SUCCESSFULLY
2020-12-24 17:08:47,856 INFO p.BasePage [main] HomePage_SearchBarForSmallerScreen_ProvidesSuggestion_C140 - STARTED
2020-12-24 17:08:49,127 INFO p.HomePage [main] Suggestions for search are shown
2020-12-24 17:08:49,137 INFO p.HomePage [main] Expecting to see bold alphabets in 6 lines for Suggestions
2020-12-24 17:08:49,210 INFO p.HomePage [main] Popular Brands for search are shown
2020-12-24 17:08:49,219 INFO p.HomePage [main] Expecting to see bold alphabets in 6 lines for Popular Brands
2020-12-24 17:08:49,276 INFO p.HomePage [main] Top Suggestions for search are shown
2020-12-24 17:08:51,310 INFO p.HomePage [main] Sixth line for Suggestions search exists
2020-12-24 17:08:53,332 INFO p.HomePage [main] Sixth line for Popular Brands search exists
2020-12-24 17:08:53,333 INFO p.BasePage [main] HomePage_SearchBarForSmallerScreen_ProvidesSuggestion_C140 - COMPLETED SUCCESSFULLY
2020-12-27 16:18:53,224 INFO p.BasePage [main] HomePage_SearchBarForBiggerScreen_ProvidesSuggestion_C140 - STARTED
2020-12-27 16:18:53,669 INFO p.HomePage [main] Suggestions for search are shown
2020-12-27 16:18:53,709 INFO p.HomePage [main] Expecting to see bold alphabets in 6 lines for Suggestions
2020-12-27 16:18:53,761 INFO p.HomePage [main] Popular Brands for search are shown
2020-12-27 16:18:53,768 INFO p.HomePage [main] Expecting to see bold alphabets in 6 lines for Popular Brands
2020-12-27 16:18:53,812 INFO p.HomePage [main] Top Suggestions for search are shown
2020-12-27 16:18:55,833 INFO p.HomePage [main] Sixth line for Suggestions search exists
2020-12-27 16:18:57,865 INFO p.HomePage [main] Sixth line for Popular Brands search exists
2020-12-27 16:18:57,866 INFO p.BasePage [main] HomePage_SearchBarForBiggerScreen_ProvidesSuggestion_C140 - COMPLETED SUCCESSFULLY
2020-12-27 16:19:08,229 INFO p.BasePage [main] HomePage_SearchBarForSmallerScreen_ProvidesSuggestion_C140 - STARTED
2020-12-27 16:19:09,461 INFO p.HomePage [main] Suggestions for search are shown
2020-12-27 16:19:09,469 INFO p.HomePage [main] Expecting to see bold alphabets in 6 lines for Suggestions
2020-12-27 16:19:09,516 INFO p.HomePage [main] Popular Brands for search are shown
2020-12-27 16:19:09,522 INFO p.HomePage [main] Expecting to see bold alphabets in 6 lines for Popular Brands
2020-12-27 16:19:09,566 INFO p.HomePage [main] Top Suggestions for search are shown
2020-12-27 16:19:11,592 INFO p.HomePage [main] Sixth line for Suggestions search exists
2020-12-27 16:19:13,613 INFO p.HomePage [main] Sixth line for Popular Brands search exists
2020-12-27 16:19:13,614 INFO p.BasePage [main] HomePage_SearchBarForSmallerScreen_ProvidesSuggestion_C140 - COMPLETED SUCCESSFULLY
2020-12-27 16:19:58,946 INFO p.BasePage [main] HomePage_SearchBarForBiggerScreen_ProvidesSuggestion_C140 - STARTED
2020-12-27 16:19:59,551 INFO p.HomePage [main] Suggestions for search are shown
2020-12-27 16:19:59,582 INFO p.HomePage [main] Expecting to see bold alphabets in 6 lines for Suggestions
2020-12-27 16:19:59,585 WARN p.BasePage [main] HomePage_SearchBarForBiggerScreen_ProvidesSuggestion_C140 - SKIPPED
2020-12-27 16:20:17,459 INFO p.BasePage [main] HomePage_SearchBarForBiggerScreen_ProvidesSuggestion_C140 - STARTED
2020-12-27 16:20:17,969 INFO p.HomePage [main] Suggestions for search are shown
2020-12-27 16:20:17,980 INFO p.HomePage [main] Expecting to see bold alphabets in 6 lines for Suggestions
2020-12-27 16:20:17,981 WARN p.BasePage [main] HomePage_SearchBarForBiggerScreen_ProvidesSuggestion_C140 - SKIPPED
2020-12-27 16:20:32,342 INFO p.BasePage [main] HomePage_SearchBarForBiggerScreen_ProvidesSuggestion_C140 - STARTED
2020-12-27 16:20:32,957 INFO p.HomePage [main] Suggestions for search are shown
2020-12-27 16:20:32,984 INFO p.HomePage [main] Expecting to see bold alphabets in 6 lines for Suggestions
2020-12-27 16:20:32,984 WARN p.BasePage [main] HomePage_SearchBarForBiggerScreen_ProvidesSuggestion_C140 - SKIPPED
2020-12-27 16:20:48,457 INFO p.BasePage [main] HomePage_SearchBarForBiggerScreen_ProvidesSuggestion_C140 - STARTED
2020-12-27 16:20:49,129 INFO p.HomePage [main] Suggestions for search are shown
2020-12-27 16:20:49,150 INFO p.HomePage [main] Expecting to see bold alphabets in 6 lines for Suggestions
2020-12-27 16:20:49,237 INFO p.HomePage [main] Popular Brands for search are shown
2020-12-27 16:20:49,246 INFO p.HomePage [main] Expecting to see bold alphabets in 6 lines for Popular Brands
2020-12-27 16:20:49,303 INFO p.HomePage [main] Top Suggestions for search are shown
2020-12-27 16:20:51,326 INFO p.HomePage [main] Sixth line for Suggestions search exists
2020-12-27 16:20:53,351 INFO p.HomePage [main] Sixth line for Popular Brands search exists
2020-12-27 16:20:53,352 INFO p.BasePage [main] HomePage_SearchBarForBiggerScreen_ProvidesSuggestion_C140 - COMPLETED SUCCESSFULLY
2020-12-27 16:21:07,945 INFO p.BasePage [main] HomePage_SearchBarForSmallerScreen_ProvidesSuggestion_C140 - STARTED
2020-12-27 16:21:09,459 INFO p.HomePage [main] Suggestions for search are shown
2020-12-27 16:21:09,468 INFO p.HomePage [main] Expecting to see bold alphabets in 6 lines for Suggestions
2020-12-27 16:21:09,468 WARN p.BasePage [main] HomePage_SearchBarForSmallerScreen_ProvidesSuggestion_C140 - SKIPPED
2020-12-27 16:21:23,251 INFO p.BasePage [main] HomePage_SearchBarForSmallerScreen_ProvidesSuggestion_C140 - STARTED
2020-12-27 16:21:24,436 INFO p.HomePage [main] Suggestions for search are shown
2020-12-27 16:21:24,451 INFO p.HomePage [main] Expecting to see bold alphabets in 6 lines for Suggestions
2020-12-27 16:21:24,530 INFO p.HomePage [main] Popular Brands for search are shown
2020-12-27 16:21:24,538 INFO p.HomePage [main] Expecting to see bold alphabets in 6 lines for Popular Brands
2020-12-27 16:21:24,592 INFO p.HomePage [main] Top Suggestions for search are shown
2020-12-27 16:21:26,621 INFO p.HomePage [main] Sixth line for Suggestions search exists
2020-12-27 16:21:28,642 INFO p.HomePage [main] Sixth line for Popular Brands search exists
2020-12-27 16:21:28,642 INFO p.BasePage [main] HomePage_SearchBarForSmallerScreen_ProvidesSuggestion_C140 - COMPLETED SUCCESSFULLY
2020-12-27 16:23:14,604 INFO p.BasePage [main] HomePage_SearchBarForBiggerScreen_ProvidesSuggestion_C140 - STARTED
2020-12-27 16:23:15,171 INFO p.HomePage [main] Suggestions for search are shown
2020-12-27 16:23:15,193 INFO p.HomePage [main] Expecting to see bold alphabets in 6 lines for Suggestions
2020-12-27 16:23:15,195 WARN p.BasePage [main] HomePage_SearchBarForBiggerScreen_ProvidesSuggestion_C140 - SKIPPED
2020-12-27 16:23:28,994 INFO p.BasePage [main] HomePage_SearchBarForBiggerScreen_ProvidesSuggestion_C140 - STARTED
2020-12-27 16:23:29,546 INFO p.HomePage [main] Suggestions for search are shown
2020-12-27 16:23:29,554 INFO p.HomePage [main] Expecting to see bold alphabets in 6 lines for Suggestions
2020-12-27 16:23:29,554 WARN p.BasePage [main] HomePage_SearchBarForBiggerScreen_ProvidesSuggestion_C140 - SKIPPED
2020-12-27 16:23:41,967 INFO p.BasePage [main] HomePage_SearchBarForBiggerScreen_ProvidesSuggestion_C140 - STARTED
2020-12-27 16:23:42,483 INFO p.HomePage [main] Suggestions for search are shown
2020-12-27 16:23:42,496 INFO p.HomePage [main] Expecting to see bold alphabets in 6 lines for Suggestions
2020-12-27 16:23:42,560 INFO p.HomePage [main] Popular Brands for search are shown
2020-12-27 16:23:42,568 INFO p.HomePage [main] Expecting to see bold alphabets in 6 lines for Popular Brands
2020-12-27 16:23:42,625 INFO p.HomePage [main] Top Suggestions for search are shown
2020-12-27 16:23:44,650 INFO p.HomePage [main] Sixth line for Suggestions search exists
2020-12-27 16:23:46,672 INFO p.HomePage [main] Sixth line for Popular Brands search exists
2020-12-27 16:23:46,673 INFO p.BasePage [main] HomePage_SearchBarForBiggerScreen_ProvidesSuggestion_C140 - COMPLETED SUCCESSFULLY
2020-12-27 16:24:01,308 INFO p.BasePage [main] HomePage_SearchBarForSmallerScreen_ProvidesSuggestion_C140 - STARTED
2020-12-27 16:24:02,466 INFO p.HomePage [main] Suggestions for search are shown
2020-12-27 16:24:02,478 INFO p.HomePage [main] Expecting to see bold alphabets in 6 lines for Suggestions
2020-12-27 16:24:02,534 INFO p.HomePage [main] Popular Brands for search are shown
2020-12-27 16:24:02,541 INFO p.HomePage [main] Expecting to see bold alphabets in 6 lines for Popular Brands
2020-12-27 16:24:02,635 INFO p.HomePage [main] Top Suggestions for search are shown
2020-12-27 16:24:04,661 INFO p.HomePage [main] Sixth line for Suggestions search exists
2020-12-27 16:24:06,687 INFO p.HomePage [main] Sixth line for Popular Brands search exists
2020-12-27 16:24:06,687 INFO p.BasePage [main] HomePage_SearchBarForSmallerScreen_ProvidesSuggestion_C140 - COMPLETED SUCCESSFULLY
2020-12-27 16:24:59,466 INFO p.BasePage [main] HomePage_SearchBarForBiggerScreen_ProvidesSuggestion_C140 - STARTED
2020-12-27 16:25:00,191 INFO p.HomePage [main] Suggestions for search are shown
2020-12-27 16:25:00,209 INFO p.HomePage [main] Expecting to see bold alphabets in 6 lines for Suggestions
2020-12-27 16:25:00,279 INFO p.HomePage [main] Popular Brands for search are shown
2020-12-27 16:25:00,288 INFO p.HomePage [main] Expecting to see bold alphabets in 6 lines for Popular Brands
2020-12-27 16:25:00,352 INFO p.HomePage [main] Top Suggestions for search are shown
2020-12-27 16:25:02,379 INFO p.HomePage [main] Sixth line for Suggestions search exists
2020-12-27 16:25:04,401 INFO p.HomePage [main] Sixth line for Popular Brands search exists
2020-12-27 16:25:04,402 INFO p.BasePage [main] HomePage_SearchBarForBiggerScreen_ProvidesSuggestion_C140 - COMPLETED SUCCESSFULLY
2020-12-27 16:25:18,662 INFO p.BasePage [main] HomePage_SearchBarForSmallerScreen_ProvidesSuggestion_C140 - STARTED
2020-12-27 16:25:19,846 INFO p.HomePage [main] Suggestions for search are shown
2020-12-27 16:25:19,856 INFO p.HomePage [main] Expecting to see bold alphabets in 6 lines for Suggestions
2020-12-27 16:25:19,920 INFO p.HomePage [main] Popular Brands for search are shown
2020-12-27 16:25:19,997 INFO p.HomePage [main] Expecting to see bold alphabets in 6 lines for Popular Brands
2020-12-27 16:25:20,048 INFO p.HomePage [main] Top Suggestions for search are shown
2020-12-27 16:25:22,076 INFO p.HomePage [main] Sixth line for Suggestions search exists
2020-12-27 16:25:24,097 INFO p.HomePage [main] Sixth line for Popular Brands search exists
2020-12-27 16:25:24,098 INFO p.BasePage [main] HomePage_SearchBarForSmallerScreen_ProvidesSuggestion_C140 - COMPLETED SUCCESSFULLY
2020-12-27 16:25:58,546 INFO p.BasePage [main] HomePage_SearchBarForBiggerScreen_ProvidesSuggestion_C140 - STARTED
2020-12-27 16:25:59,189 INFO p.HomePage [main] Suggestions for search are shown
2020-12-27 16:25:59,263 INFO p.HomePage [main] Expecting to see bold alphabets in 6 lines for Suggestions
2020-12-27 16:25:59,338 INFO p.HomePage [main] Popular Brands for search are shown
2020-12-27 16:25:59,350 INFO p.HomePage [main] Expecting to see bold alphabets in 6 lines for Popular Brands
2020-12-27 16:25:59,487 INFO p.HomePage [main] Top Suggestions for search are shown
2020-12-27 16:26:01,513 INFO p.HomePage [main] Sixth line for Suggestions search exists
2020-12-27 16:26:03,534 INFO p.HomePage [main] Sixth line for Popular Brands search exists
2020-12-27 16:26:03,536 INFO p.BasePage [main] HomePage_SearchBarForBiggerScreen_ProvidesSuggestion_C140 - COMPLETED SUCCESSFULLY
2020-12-27 16:26:16,626 INFO p.BasePage [main] HomePage_SearchBarForSmallerScreen_ProvidesSuggestion_C140 - STARTED
2020-12-27 16:26:18,182 INFO p.HomePage [main] Suggestions for search are shown
2020-12-27 16:26:18,200 INFO p.HomePage [main] Expecting to see bold alphabets in 6 lines for Suggestions
2020-12-27 16:26:18,256 INFO p.HomePage [main] Popular Brands for search are shown
2020-12-27 16:26:18,265 INFO p.HomePage [main] Expecting to see bold alphabets in 6 lines for Popular Brands
2020-12-27 16:26:18,323 INFO p.HomePage [main] Top Suggestions for search are shown
2020-12-27 16:26:20,350 INFO p.HomePage [main] Sixth line for Suggestions search exists
2020-12-27 16:26:22,370 INFO p.HomePage [main] Sixth line for Popular Brands search exists
2020-12-27 16:26:22,371 INFO p.BasePage [main] HomePage_SearchBarForSmallerScreen_ProvidesSuggestion_C140 - COMPLETED SUCCESSFULLY
